[2026-02-09 10:31:29] watching c:\project\private_projects
[2026-02-09 10:32:34] auto-push started
[2026-02-09 10:32:34] watching c:\project\private_projects
[2026-02-09 10:47:04] auto-push started
[2026-02-09 10:47:04] watching c:\project\private_projects
[2026-02-09 10:47:05] change detected: Changed c:\project\private_projects\auto-push.log
[2026-02-09 10:56:55] auto-push started
[2026-02-09 10:56:56] watching c:\project\private_projects
[2026-02-09 10:57:36] event received
[2026-02-09 10:57:36] change detected: Changed c:\project\private_projects\auto-push.ps1
[2026-02-09 10:59:00] auto-push started (polling)
[2026-02-09 10:59:00] watching c:\project\private_projects
[2026-02-09 10:59:02] changes detected (poll)
[2026-02-09 10:59:09] commit created
[2026-02-09 10:59:12] push success
[2026-02-09 10:59:14] changes detected (poll)
[2026-02-09 10:59:21] commit created
[2026-02-09 10:59:23] push success
[2026-02-09 10:59:24] auto-push started (polling)
[2026-02-09 10:59:24] watching c:\project\private_projects
[2026-02-09 10:59:25] changes detected (poll)
[2026-02-09 10:59:26] changes detected (poll)
[2026-02-09 10:59:32] commit created
[2026-02-09 10:59:34] commit created
[2026-02-09 10:59:35] push success
[2026-02-09 10:59:35] push success
[2026-02-09 10:59:37] changes detected (poll)
[2026-02-09 10:59:37] changes detected (poll)
[2026-02-09 10:59:44] commit created
[2026-02-09 10:59:44] commit created
[2026-02-09 10:59:46] push success
[2026-02-09 10:59:47] push success
[2026-02-09 10:59:48] changes detected (poll)
[2026-02-09 10:59:49] changes detected (poll)
[2026-02-09 10:59:55] commit created
[2026-02-09 10:59:55] auto-push started (polling)
[2026-02-09 10:59:56] watching c:\project\private_projects
[2026-02-09 10:59:58] changes detected (poll)
[2026-02-09 10:59:58] push success
[2026-02-09 10:59:58] changes detected (poll)
[2026-02-09 11:00:00] changes detected (poll)
